<?xml version="1.0" encoding="UTF-8"?>
<coverage generated="1573079405873" clover="3.2.0">
  <project timestamp="1573079405873" name="All files">
    <metrics statements="183" coveredstatements="125" conditionals="69" coveredconditionals="31" methods="61" coveredmethods="36" elements="313" coveredelements="192" complexity="0" loc="183" ncloc="183" packages="14" files="19" classes="19"/>
    <package name="src">
      <metrics statements="42" coveredstatements="1" conditionals="32" coveredconditionals="0" methods="16" coveredmethods="1"/>
      <file name="App.js" path="/Users/olimpia/Documents/Front_end_projects/react-form-app/client/src/App.js">
        <metrics statements="1" coveredstatements="1" conditionals="0" coveredconditionals="0" methods="1" coveredmethods="1"/>
        <line num="6" count="1" type="stmt"/>
      </file>
      <file name="index.js" path="/Users/olimpia/Documents/Front_end_projects/react-form-app/client/src/index.js">
        <metrics statements="3" coveredstatements="0" conditionals="0" coveredconditionals="0" methods="0" coveredmethods="0"/>
        <line num="9" count="0" type="stmt"/>
        <line num="11" count="0" type="stmt"/>
        <line num="21" count="0" type="stmt"/>
      </file>
      <file name="serviceWorker.js" path="/Users/olimpia/Documents/Front_end_projects/react-form-app/client/src/serviceWorker.js">
        <metrics statements="38" coveredstatements="0" conditionals="32" coveredconditionals="0" methods="15" coveredmethods="0"/>
        <line num="13" count="0" type="stmt"/>
        <line num="24" count="0" type="cond" truecount="0" falsecount="4"/>
        <line num="26" count="0" type="stmt"/>
        <line num="27" count="0" type="cond" truecount="0" falsecount="2"/>
        <line num="31" count="0" type="stmt"/>
        <line num="34" count="0" type="stmt"/>
        <line num="35" count="0" type="stmt"/>
        <line num="37" count="0" type="cond" truecount="0" falsecount="2"/>
        <line num="39" count="0" type="stmt"/>
        <line num="43" count="0" type="stmt"/>
        <line num="44" count="0" type="stmt"/>
        <line num="51" count="0" type="stmt"/>
        <line num="58" count="0" type="stmt"/>
        <line num="61" count="0" type="stmt"/>
        <line num="62" count="0" type="stmt"/>
        <line num="63" count="0" type="cond" truecount="0" falsecount="2"/>
        <line num="64" count="0" type="stmt"/>
        <line num="66" count="0" type="stmt"/>
        <line num="67" count="0" type="cond" truecount="0" falsecount="2"/>
        <line num="68" count="0" type="cond" truecount="0" falsecount="2"/>
        <line num="72" count="0" type="stmt"/>
        <line num="78" count="0" type="cond" truecount="0" falsecount="4"/>
        <line num="79" count="0" type="stmt"/>
        <line num="85" count="0" type="stmt"/>
        <line num="88" count="0" type="cond" truecount="0" falsecount="4"/>
        <line num="89" count="0" type="stmt"/>
        <line num="97" count="0" type="stmt"/>
        <line num="103" count="0" type="stmt"/>
        <line num="106" count="0" type="stmt"/>
        <line num="107" count="0" type="cond" truecount="0" falsecount="2"/>
        <line num="112" count="0" type="stmt"/>
        <line num="113" count="0" type="stmt"/>
        <line num="114" count="0" type="stmt"/>
        <line num="119" count="0" type="stmt"/>
        <line num="123" count="0" type="stmt"/>
        <line num="130" count="0" type="cond" truecount="0" falsecount="2"/>
        <line num="131" count="0" type="stmt"/>
        <line num="132" count="0" type="stmt"/>
      </file>
    </package>
    <package name="src.actions">
      <metrics statements="13" coveredstatements="9" conditionals="2" coveredconditionals="0" methods="6" coveredmethods="5"/>
      <file name="actionTypes.js" path="/Users/olimpia/Documents/Front_end_projects/react-form-app/client/src/actions/actionTypes.js">
        <metrics statements="4" coveredstatements="4" conditionals="0" coveredconditionals="0" methods="0" coveredmethods="0"/>
        <line num="1" count="5" type="stmt"/>
        <line num="2" count="5" type="stmt"/>
        <line num="4" count="5" type="stmt"/>
        <line num="5" count="5" type="stmt"/>
      </file>
      <file name="formAction.js" path="/Users/olimpia/Documents/Front_end_projects/react-form-app/client/src/actions/formAction.js">
        <metrics statements="9" coveredstatements="5" conditionals="2" coveredconditionals="0" methods="6" coveredmethods="5"/>
        <line num="4" count="4" type="stmt"/>
        <line num="9" count="4" type="stmt"/>
        <line num="14" count="4" type="stmt"/>
        <line num="19" count="4" type="stmt"/>
        <line num="20" count="2" type="stmt"/>
        <line num="22" count="0" type="stmt"/>
        <line num="23" count="0" type="cond" truecount="0" falsecount="2"/>
        <line num="24" count="0" type="stmt"/>
        <line num="26" count="0" type="stmt"/>
      </file>
    </package>
    <package name="src.common.consts">
      <metrics statements="5" coveredstatements="5" conditionals="0" coveredconditionals="0" methods="0" coveredmethods="0"/>
      <file name="calendar.js" path="/Users/olimpia/Documents/Front_end_projects/react-form-app/client/src/common/consts/calendar.js">
        <metrics statements="5" coveredstatements="5" conditionals="0" coveredconditionals="0" methods="0" coveredmethods="0"/>
        <line num="1" count="4" type="stmt"/>
        <line num="2" count="4" type="stmt"/>
        <line num="3" count="4" type="stmt"/>
        <line num="5" count="4" type="stmt"/>
        <line num="7" count="4" type="stmt"/>
      </file>
    </package>
    <package name="src.common.mockData">
      <metrics statements="1" coveredstatements="1" conditionals="0" coveredconditionals="0" methods="0" coveredmethods="0"/>
      <file name="mockData.js" path="/Users/olimpia/Documents/Front_end_projects/react-form-app/client/src/common/mockData/mockData.js">
        <metrics statements="1" coveredstatements="1" conditionals="0" coveredconditionals="0" methods="0" coveredmethods="0"/>
        <line num="1" count="4" type="stmt"/>
      </file>
    </package>
    <package name="src.common.utils">
      <metrics statements="32" coveredstatements="32" conditionals="0" coveredconditionals="0" methods="10" coveredmethods="10"/>
      <file name="calendarRows.js" path="/Users/olimpia/Documents/Front_end_projects/react-form-app/client/src/common/utils/calendarRows.js">
        <metrics statements="15" coveredstatements="15" conditionals="0" coveredconditionals="0" methods="2" coveredmethods="2"/>
        <line num="9" count="4" type="stmt"/>
        <line num="10" count="2" type="stmt"/>
        <line num="11" count="2" type="stmt"/>
        <line num="12" count="2" type="stmt"/>
        <line num="13" count="2" type="stmt"/>
        <line num="15" count="2" type="stmt"/>
        <line num="16" count="2" type="stmt"/>
        <line num="17" count="2" type="stmt"/>
        <line num="18" count="2" type="stmt"/>
        <line num="19" count="10" type="stmt"/>
        <line num="20" count="70" type="stmt"/>
        <line num="21" count="70" type="stmt"/>
        <line num="23" count="10" type="stmt"/>
        <line num="24" count="10" type="stmt"/>
        <line num="26" count="10" type="stmt"/>
      </file>
      <file name="validation.js" path="/Users/olimpia/Documents/Front_end_projects/react-form-app/client/src/common/utils/validation.js">
        <metrics statements="17" coveredstatements="17" conditionals="0" coveredconditionals="0" methods="8" coveredmethods="8"/>
        <line num="2" count="15" type="stmt"/>
        <line num="31" count="3" type="stmt"/>
        <line num="32" count="1" type="stmt"/>
        <line num="33" count="1" type="stmt"/>
        <line num="34" count="5" type="stmt"/>
        <line num="36" count="4" type="stmt"/>
        <line num="37" count="4" type="stmt"/>
        <line num="38" count="4" type="stmt"/>
        <line num="47" count="4" type="stmt"/>
        <line num="48" count="4" type="stmt"/>
        <line num="51" count="4" type="stmt"/>
        <line num="60" count="4" type="stmt"/>
        <line num="63" count="1" type="stmt"/>
        <line num="67" count="3" type="stmt"/>
        <line num="68" count="2" type="stmt"/>
        <line num="69" count="8" type="stmt"/>
        <line num="70" count="2" type="stmt"/>
      </file>
    </package>
    <package name="src.components.Button">
      <metrics statements="3" coveredstatements="3" conditionals="0" coveredconditionals="0" methods="1" coveredmethods="1"/>
      <file name="Button.js" path="/Users/olimpia/Documents/Front_end_projects/react-form-app/client/src/components/Button/Button.js">
        <metrics statements="3" coveredstatements="3" conditionals="0" coveredconditionals="0" methods="1" coveredmethods="1"/>
        <line num="5" count="3" type="stmt"/>
        <line num="6" count="4" type="stmt"/>
        <line num="14" count="3" type="stmt"/>
      </file>
    </package>
    <package name="src.components.Calendar">
      <metrics statements="23" coveredstatements="20" conditionals="4" coveredconditionals="4" methods="11" coveredmethods="8"/>
      <file name="Calendar.js" path="/Users/olimpia/Documents/Front_end_projects/react-form-app/client/src/components/Calendar/Calendar.js">
        <metrics statements="23" coveredstatements="20" conditionals="4" coveredconditionals="4" methods="11" coveredmethods="8"/>
        <line num="19" count="4" type="stmt"/>
        <line num="22" count="2" type="stmt"/>
        <line num="26" count="2" type="stmt"/>
        <line num="27" count="0" type="stmt"/>
        <line num="32" count="2" type="stmt"/>
        <line num="33" count="0" type="stmt"/>
        <line num="39" count="2" type="stmt"/>
        <line num="59" count="2" type="stmt"/>
        <line num="60" count="14" type="stmt"/>
        <line num="67" count="2" type="stmt"/>
        <line num="70" count="2" type="stmt"/>
        <line num="71" count="70" type="stmt"/>
        <line num="72" count="70" type="stmt"/>
        <line num="73" count="70" type="stmt"/>
        <line num="74" count="70" type="stmt"/>
        <line num="82" count="0" type="stmt"/>
        <line num="90" count="2" type="stmt"/>
        <line num="91" count="2" type="stmt"/>
        <line num="92" count="10" type="stmt"/>
        <line num="93" count="70" type="stmt"/>
        <line num="99" count="2" type="stmt"/>
        <line num="109" count="4" type="stmt"/>
        <line num="114" count="4" type="stmt"/>
      </file>
    </package>
    <package name="src.components.DatePicker">
      <metrics statements="14" coveredstatements="11" conditionals="2" coveredconditionals="2" methods="5" coveredmethods="3"/>
      <file name="DatePicker.js" path="/Users/olimpia/Documents/Front_end_projects/react-form-app/client/src/components/DatePicker/DatePicker.js">
        <metrics statements="14" coveredstatements="11" conditionals="2" coveredconditionals="2" methods="5" coveredmethods="3"/>
        <line num="13" count="5" type="stmt"/>
        <line num="14" count="5" type="stmt"/>
        <line num="17" count="5" type="stmt"/>
        <line num="20" count="5" type="stmt"/>
        <line num="21" count="1" type="stmt"/>
        <line num="26" count="5" type="stmt"/>
        <line num="27" count="0" type="stmt"/>
        <line num="30" count="5" type="stmt"/>
        <line num="31" count="0" type="stmt"/>
        <line num="32" count="0" type="stmt"/>
        <line num="36" count="8" type="stmt"/>
        <line num="37" count="8" type="stmt"/>
        <line num="38" count="8" type="stmt"/>
        <line num="60" count="3" type="stmt"/>
      </file>
    </package>
    <package name="src.components.TextInput">
      <metrics statements="3" coveredstatements="3" conditionals="0" coveredconditionals="0" methods="1" coveredmethods="1"/>
      <file name="TextInput.js" path="/Users/olimpia/Documents/Front_end_projects/react-form-app/client/src/components/TextInput/TextInput.js">
        <metrics statements="3" coveredstatements="3" conditionals="0" coveredconditionals="0" methods="1" coveredmethods="1"/>
        <line num="5" count="4" type="stmt"/>
        <line num="15" count="14" type="stmt"/>
        <line num="29" count="4" type="stmt"/>
      </file>
    </package>
    <package name="src.components.ValidationMessage">
      <metrics statements="3" coveredstatements="3" conditionals="2" coveredconditionals="1" methods="1" coveredmethods="1"/>
      <file name="ValidationMessage.js" path="/Users/olimpia/Documents/Front_end_projects/react-form-app/client/src/components/ValidationMessage/ValidationMessage.js">
        <metrics statements="3" coveredstatements="3" conditionals="2" coveredconditionals="1" methods="1" coveredmethods="1"/>
        <line num="5" count="3" type="stmt"/>
        <line num="6" count="1" type="stmt"/>
        <line num="13" count="3" type="stmt"/>
      </file>
    </package>
    <package name="src.containers">
      <metrics statements="31" coveredstatements="25" conditionals="22" coveredconditionals="19" methods="7" coveredmethods="4"/>
      <file name="Form.js" path="/Users/olimpia/Documents/Front_end_projects/react-form-app/client/src/containers/Form.js">
        <metrics statements="31" coveredstatements="25" conditionals="22" coveredconditionals="19" methods="7" coveredmethods="4"/>
        <line num="19" count="2" type="stmt"/>
        <line num="27" count="15" type="stmt"/>
        <line num="32" count="15" type="stmt"/>
        <line num="33" count="0" type="stmt"/>
        <line num="34" count="0" type="stmt"/>
        <line num="35" count="0" type="stmt"/>
        <line num="36" count="0" type="stmt"/>
        <line num="39" count="15" type="stmt"/>
        <line num="40" count="1" type="stmt"/>
        <line num="41" count="1" type="stmt"/>
        <line num="42" count="1" type="stmt"/>
        <line num="43" count="1" type="stmt"/>
        <line num="45" count="1" type="stmt"/>
        <line num="54" count="1" type="stmt"/>
        <line num="56" count="1" type="stmt"/>
        <line num="64" count="1" type="cond" truecount="1" falsecount="1"/>
        <line num="65" count="0" type="stmt"/>
        <line num="69" count="15" type="stmt"/>
        <line num="70" count="0" type="stmt"/>
        <line num="86" count="18" type="stmt"/>
        <line num="88" count="18" type="cond" truecount="1" falsecount="1"/>
        <line num="89" count="18" type="cond" truecount="2" falsecount="0"/>
        <line num="91" count="18" type="cond" truecount="2" falsecount="0"/>
        <line num="92" count="2" type="stmt"/>
        <line num="99" count="16" type="stmt"/>
        <line num="140" count="2" type="stmt"/>
        <line num="141" count="1" type="stmt"/>
        <line num="142" count="1" type="stmt"/>
        <line num="148" count="2" type="stmt"/>
        <line num="149" count="1" type="stmt"/>
        <line num="154" count="2" type="stmt"/>
      </file>
    </package>
    <package name="src.reducers">
      <metrics statements="10" coveredstatements="10" conditionals="5" coveredconditionals="5" methods="1" coveredmethods="1"/>
      <file name="formReducer.js" path="/Users/olimpia/Documents/Front_end_projects/react-form-app/client/src/reducers/formReducer.js">
        <metrics statements="9" coveredstatements="9" conditionals="5" coveredconditionals="5" methods="1" coveredmethods="1"/>
        <line num="3" count="2" type="cond" truecount="1" falsecount="0"/>
        <line num="4" count="8" type="cond" truecount="4" falsecount="0"/>
        <line num="6" count="2" type="stmt"/>
        <line num="7" count="2" type="stmt"/>
        <line num="13" count="1" type="stmt"/>
        <line num="14" count="1" type="stmt"/>
        <line num="20" count="1" type="stmt"/>
        <line num="21" count="1" type="stmt"/>
        <line num="26" count="4" type="stmt"/>
      </file>
      <file name="index.js" path="/Users/olimpia/Documents/Front_end_projects/react-form-app/client/src/reducers/index.js">
        <metrics statements="1" coveredstatements="1" conditionals="0" coveredconditionals="0" methods="0" coveredmethods="0"/>
        <line num="4" count="1" type="stmt"/>
      </file>
    </package>
    <package name="src.services">
      <metrics statements="2" coveredstatements="2" conditionals="0" coveredconditionals="0" methods="1" coveredmethods="1"/>
      <file name="formService.js" path="/Users/olimpia/Documents/Front_end_projects/react-form-app/client/src/services/formService.js">
        <metrics statements="2" coveredstatements="2" conditionals="0" coveredconditionals="0" methods="1" coveredmethods="1"/>
        <line num="3" count="4" type="stmt"/>
        <line num="7" count="4" type="stmt"/>
      </file>
    </package>
    <package name="src.store">
      <metrics statements="1" coveredstatements="0" conditionals="0" coveredconditionals="0" methods="1" coveredmethods="0"/>
      <file name="index.js" path="/Users/olimpia/Documents/Front_end_projects/react-form-app/client/src/store/index.js">
        <metrics statements="1" coveredstatements="0" conditionals="0" coveredconditionals="0" methods="1" coveredmethods="0"/>
        <line num="7" count="0" type="stmt"/>
      </file>
    </package>
  </project>
</coverage>
