{"C:\\Users\\olimp\\Documents\\react-form-app\\client\\src\\App.js": {"path":"C:\\Users\\olimp\\Documents\\react-form-app\\client\\src\\App.js","statementMap":{"0":{"start":{"line":6,"column":2},"end":{"line":10,"column":4}}},"fnMap":{"0":{"name":"App","decl":{"start":{"line":5,"column":9},"end":{"line":5,"column":12}},"loc":{"start":{"line":5,"column":15},"end":{"line":11,"column":1}},"line":5}},"branchMap":{},"s":{"0":1},"f":{"0":1},"b":{},"_coverageSchema":"43e27e138ebf9cfc5966b082cf9a028302ed4184","hash":"e96c11ed377dd75cc4862134fb31a472f64a4122"}
,"C:\\Users\\olimp\\Documents\\react-form-app\\client\\src\\index.js": {"path":"C:\\Users\\olimp\\Documents\\react-form-app\\client\\src\\index.js","statementMap":{"0":{"start":{"line":9,"column":14},"end":{"line":9,"column":30}},"1":{"start":{"line":11,"column":0},"end":{"line":16,"column":2}},"2":{"start":{"line":21,"column":0},"end":{"line":21,"column":27}}},"fnMap":{},"branchMap":{},"s":{"0":0,"1":0,"2":0},"f":{},"b":{},"hash":"c5460986d33a9003ba7442d78fb1431661e6ebea"}
,"C:\\Users\\olimp\\Documents\\react-form-app\\client\\src\\serviceWorker.js": {"path":"C:\\Users\\olimp\\Documents\\react-form-app\\client\\src\\serviceWorker.js","statementMap":{"0":{"start":{"line":13,"column":20},"end":{"line":21,"column":1}},"1":{"start":{"line":24,"column":2},"end":{"line":54,"column":3}},"2":{"start":{"line":26,"column":22},"end":{"line":26,"column":75}},"3":{"start":{"line":27,"column":4},"end":{"line":32,"column":5}},"4":{"start":{"line":31,"column":6},"end":{"line":31,"column":13}},"5":{"start":{"line":34,"column":4},"end":{"line":53,"column":7}},"6":{"start":{"line":35,"column":20},"end":{"line":35,"column":65}},"7":{"start":{"line":37,"column":6},"end":{"line":52,"column":7}},"8":{"start":{"line":39,"column":8},"end":{"line":39,"column":47}},"9":{"start":{"line":43,"column":8},"end":{"line":48,"column":11}},"10":{"start":{"line":44,"column":10},"end":{"line":47,"column":12}},"11":{"start":{"line":51,"column":8},"end":{"line":51,"column":39}},"12":{"start":{"line":58,"column":2},"end":{"line":98,"column":7}},"13":{"start":{"line":61,"column":6},"end":{"line":94,"column":8}},"14":{"start":{"line":62,"column":33},"end":{"line":62,"column":56}},"15":{"start":{"line":63,"column":8},"end":{"line":65,"column":9}},"16":{"start":{"line":64,"column":10},"end":{"line":64,"column":17}},"17":{"start":{"line":66,"column":8},"end":{"line":93,"column":10}},"18":{"start":{"line":67,"column":10},"end":{"line":92,"column":11}},"19":{"start":{"line":68,"column":12},"end":{"line":91,"column":13}},"20":{"start":{"line":72,"column":14},"end":{"line":75,"column":16}},"21":{"start":{"line":78,"column":14},"end":{"line":80,"column":15}},"22":{"start":{"line":79,"column":16},"end":{"line":79,"column":46}},"23":{"start":{"line":85,"column":14},"end":{"line":85,"column":64}},"24":{"start":{"line":88,"column":14},"end":{"line":90,"column":15}},"25":{"start":{"line":89,"column":16},"end":{"line":89,"column":47}},"26":{"start":{"line":97,"column":6},"end":{"line":97,"column":72}},"27":{"start":{"line":103,"column":2},"end":{"line":126,"column":7}},"28":{"start":{"line":106,"column":26},"end":{"line":106,"column":62}},"29":{"start":{"line":107,"column":6},"end":{"line":120,"column":7}},"30":{"start":{"line":112,"column":8},"end":{"line":116,"column":11}},"31":{"start":{"line":113,"column":10},"end":{"line":115,"column":13}},"32":{"start":{"line":114,"column":12},"end":{"line":114,"column":37}},"33":{"start":{"line":119,"column":8},"end":{"line":119,"column":39}},"34":{"start":{"line":123,"column":6},"end":{"line":125,"column":8}},"35":{"start":{"line":130,"column":2},"end":{"line":134,"column":3}},"36":{"start":{"line":131,"column":4},"end":{"line":133,"column":7}},"37":{"start":{"line":132,"column":6},"end":{"line":132,"column":32}}},"fnMap":{"0":{"name":"register","decl":{"start":{"line":23,"column":16},"end":{"line":23,"column":24}},"loc":{"start":{"line":23,"column":33},"end":{"line":55,"column":1}},"line":23},"1":{"name":"(anonymous_1)","decl":{"start":{"line":34,"column":36},"end":{"line":34,"column":37}},"loc":{"start":{"line":34,"column":42},"end":{"line":53,"column":5}},"line":34},"2":{"name":"(anonymous_2)","decl":{"start":{"line":43,"column":43},"end":{"line":43,"column":44}},"loc":{"start":{"line":43,"column":49},"end":{"line":48,"column":9}},"line":43},"3":{"name":"registerValidSW","decl":{"start":{"line":57,"column":9},"end":{"line":57,"column":24}},"loc":{"start":{"line":57,"column":40},"end":{"line":99,"column":1}},"line":57},"4":{"name":"(anonymous_4)","decl":{"start":{"line":60,"column":10},"end":{"line":60,"column":11}},"loc":{"start":{"line":60,"column":26},"end":{"line":95,"column":5}},"line":60},"5":{"name":"(anonymous_5)","decl":{"start":{"line":61,"column":35},"end":{"line":61,"column":36}},"loc":{"start":{"line":61,"column":41},"end":{"line":94,"column":7}},"line":61},"6":{"name":"(anonymous_6)","decl":{"start":{"line":66,"column":41},"end":{"line":66,"column":42}},"loc":{"start":{"line":66,"column":47},"end":{"line":93,"column":9}},"line":66},"7":{"name":"(anonymous_7)","decl":{"start":{"line":96,"column":11},"end":{"line":96,"column":12}},"loc":{"start":{"line":96,"column":20},"end":{"line":98,"column":5}},"line":96},"8":{"name":"checkValidServiceWorker","decl":{"start":{"line":101,"column":9},"end":{"line":101,"column":32}},"loc":{"start":{"line":101,"column":48},"end":{"line":127,"column":1}},"line":101},"9":{"name":"(anonymous_9)","decl":{"start":{"line":104,"column":10},"end":{"line":104,"column":11}},"loc":{"start":{"line":104,"column":22},"end":{"line":121,"column":5}},"line":104},"10":{"name":"(anonymous_10)","decl":{"start":{"line":112,"column":43},"end":{"line":112,"column":44}},"loc":{"start":{"line":112,"column":59},"end":{"line":116,"column":9}},"line":112},"11":{"name":"(anonymous_11)","decl":{"start":{"line":113,"column":41},"end":{"line":113,"column":42}},"loc":{"start":{"line":113,"column":47},"end":{"line":115,"column":11}},"line":113},"12":{"name":"(anonymous_12)","decl":{"start":{"line":122,"column":11},"end":{"line":122,"column":12}},"loc":{"start":{"line":122,"column":17},"end":{"line":126,"column":5}},"line":122},"13":{"name":"unregister","decl":{"start":{"line":129,"column":16},"end":{"line":129,"column":26}},"loc":{"start":{"line":129,"column":29},"end":{"line":135,"column":1}},"line":129},"14":{"name":"(anonymous_14)","decl":{"start":{"line":131,"column":39},"end":{"line":131,"column":40}},"loc":{"start":{"line":131,"column":55},"end":{"line":133,"column":5}},"line":131}},"branchMap":{"0":{"loc":{"start":{"line":14,"column":2},"end":{"line":20,"column":5}},"type":"binary-expr","locations":[{"start":{"line":14,"column":2},"end":{"line":14,"column":42}},{"start":{"line":16,"column":4},"end":{"line":16,"column":40}},{"start":{"line":18,"column":4},"end":{"line":20,"column":5}}],"line":14},"1":{"loc":{"start":{"line":24,"column":2},"end":{"line":54,"column":3}},"type":"if","locations":[{"start":{"line":24,"column":2},"end":{"line":54,"column":3}},{"start":{"line":24,"column":2},"end":{"line":54,"column":3}}],"line":24},"2":{"loc":{"start":{"line":24,"column":6},"end":{"line":24,"column":75}},"type":"binary-expr","locations":[{"start":{"line":24,"column":6},"end":{"line":24,"column":43}},{"start":{"line":24,"column":47},"end":{"line":24,"column":75}}],"line":24},"3":{"loc":{"start":{"line":27,"column":4},"end":{"line":32,"column":5}},"type":"if","locations":[{"start":{"line":27,"column":4},"end":{"line":32,"column":5}},{"start":{"line":27,"column":4},"end":{"line":32,"column":5}}],"line":27},"4":{"loc":{"start":{"line":37,"column":6},"end":{"line":52,"column":7}},"type":"if","locations":[{"start":{"line":37,"column":6},"end":{"line":52,"column":7}},{"start":{"line":37,"column":6},"end":{"line":52,"column":7}}],"line":37},"5":{"loc":{"start":{"line":63,"column":8},"end":{"line":65,"column":9}},"type":"if","locations":[{"start":{"line":63,"column":8},"end":{"line":65,"column":9}},{"start":{"line":63,"column":8},"end":{"line":65,"column":9}}],"line":63},"6":{"loc":{"start":{"line":67,"column":10},"end":{"line":92,"column":11}},"type":"if","locations":[{"start":{"line":67,"column":10},"end":{"line":92,"column":11}},{"start":{"line":67,"column":10},"end":{"line":92,"column":11}}],"line":67},"7":{"loc":{"start":{"line":68,"column":12},"end":{"line":91,"column":13}},"type":"if","locations":[{"start":{"line":68,"column":12},"end":{"line":91,"column":13}},{"start":{"line":68,"column":12},"end":{"line":91,"column":13}}],"line":68},"8":{"loc":{"start":{"line":78,"column":14},"end":{"line":80,"column":15}},"type":"if","locations":[{"start":{"line":78,"column":14},"end":{"line":80,"column":15}},{"start":{"line":78,"column":14},"end":{"line":80,"column":15}}],"line":78},"9":{"loc":{"start":{"line":78,"column":18},"end":{"line":78,"column":43}},"type":"binary-expr","locations":[{"start":{"line":78,"column":18},"end":{"line":78,"column":24}},{"start":{"line":78,"column":28},"end":{"line":78,"column":43}}],"line":78},"10":{"loc":{"start":{"line":88,"column":14},"end":{"line":90,"column":15}},"type":"if","locations":[{"start":{"line":88,"column":14},"end":{"line":90,"column":15}},{"start":{"line":88,"column":14},"end":{"line":90,"column":15}}],"line":88},"11":{"loc":{"start":{"line":88,"column":18},"end":{"line":88,"column":44}},"type":"binary-expr","locations":[{"start":{"line":88,"column":18},"end":{"line":88,"column":24}},{"start":{"line":88,"column":28},"end":{"line":88,"column":44}}],"line":88},"12":{"loc":{"start":{"line":107,"column":6},"end":{"line":120,"column":7}},"type":"if","locations":[{"start":{"line":107,"column":6},"end":{"line":120,"column":7}},{"start":{"line":107,"column":6},"end":{"line":120,"column":7}}],"line":107},"13":{"loc":{"start":{"line":108,"column":8},"end":{"line":109,"column":73}},"type":"binary-expr","locations":[{"start":{"line":108,"column":8},"end":{"line":108,"column":31}},{"start":{"line":109,"column":9},"end":{"line":109,"column":28}},{"start":{"line":109,"column":32},"end":{"line":109,"column":72}}],"line":108},"14":{"loc":{"start":{"line":130,"column":2},"end":{"line":134,"column":3}},"type":"if","locations":[{"start":{"line":130,"column":2},"end":{"line":134,"column":3}},{"start":{"line":130,"column":2},"end":{"line":134,"column":3}}],"line":130}},"s":{"0":0,"1":0,"2":0,"3":0,"4":0,"5":0,"6":0,"7":0,"8":0,"9":0,"10":0,"11":0,"12":0,"13":0,"14":0,"15":0,"16":0,"17":0,"18":0,"19":0,"20":0,"21":0,"22":0,"23":0,"24":0,"25":0,"26":0,"27":0,"28":0,"29":0,"30":0,"31":0,"32":0,"33":0,"34":0,"35":0,"36":0,"37":0},"f":{"0":0,"1":0,"2":0,"3":0,"4":0,"5":0,"6":0,"7":0,"8":0,"9":0,"10":0,"11":0,"12":0,"13":0,"14":0},"b":{"0":[0,0,0],"1":[0,0],"2":[0,0],"3":[0,0],"4":[0,0],"5":[0,0],"6":[0,0],"7":[0,0],"8":[0,0],"9":[0,0],"10":[0,0],"11":[0,0],"12":[0,0],"13":[0,0,0],"14":[0,0]},"hash":"de36030a35c59e46e3c082056730cbee4769b5c2"}
,"C:\\Users\\olimp\\Documents\\react-form-app\\client\\src\\actions\\actionTypes.js": {"path":"C:\\Users\\olimp\\Documents\\react-form-app\\client\\src\\actions\\actionTypes.js","statementMap":{"0":{"start":{"line":1,"column":29},"end":{"line":1,"column":44}},"1":{"start":{"line":2,"column":30},"end":{"line":2,"column":46}},"2":{"start":{"line":4,"column":33},"end":{"line":4,"column":52}},"3":{"start":{"line":5,"column":33},"end":{"line":5,"column":50}}},"fnMap":{},"branchMap":{},"s":{"0":5,"1":5,"2":5,"3":5},"f":{},"b":{},"_coverageSchema":"43e27e138ebf9cfc5966b082cf9a028302ed4184","hash":"3d95a07942bd4c1c4baef9485e321009dbd70af9"}
,"C:\\Users\\olimp\\Documents\\react-form-app\\client\\src\\actions\\formAction.js": {"path":"C:\\Users\\olimp\\Documents\\react-form-app\\client\\src\\actions\\formAction.js","statementMap":{"0":{"start":{"line":4,"column":34},"end":{"line":7,"column":2}},"1":{"start":{"line":4,"column":43},"end":{"line":7,"column":1}},"2":{"start":{"line":9,"column":31},"end":{"line":12,"column":2}},"3":{"start":{"line":9,"column":43},"end":{"line":12,"column":1}},"4":{"start":{"line":14,"column":31},"end":{"line":17,"column":2}},"5":{"start":{"line":14,"column":43},"end":{"line":17,"column":1}},"6":{"start":{"line":19,"column":30},"end":{"line":28,"column":4}},"7":{"start":{"line":19,"column":38},"end":{"line":28,"column":4}},"8":{"start":{"line":20,"column":2},"end":{"line":28,"column":4}},"9":{"start":{"line":22,"column":4},"end":{"line":22,"column":38}},"10":{"start":{"line":23,"column":4},"end":{"line":27,"column":5}},"11":{"start":{"line":24,"column":6},"end":{"line":24,"column":46}},"12":{"start":{"line":26,"column":6},"end":{"line":26,"column":46}}},"fnMap":{"0":{"name":"(anonymous_0)","decl":{"start":{"line":4,"column":34},"end":{"line":4,"column":35}},"loc":{"start":{"line":4,"column":43},"end":{"line":7,"column":1}},"line":4},"1":{"name":"(anonymous_1)","decl":{"start":{"line":9,"column":31},"end":{"line":9,"column":32}},"loc":{"start":{"line":9,"column":43},"end":{"line":12,"column":1}},"line":9},"2":{"name":"(anonymous_2)","decl":{"start":{"line":14,"column":31},"end":{"line":14,"column":32}},"loc":{"start":{"line":14,"column":43},"end":{"line":17,"column":1}},"line":14},"3":{"name":"(anonymous_3)","decl":{"start":{"line":19,"column":30},"end":{"line":19,"column":31}},"loc":{"start":{"line":19,"column":38},"end":{"line":28,"column":4}},"line":19},"4":{"name":"(anonymous_4)","decl":{"start":{"line":19,"column":38},"end":{"line":19,"column":39}},"loc":{"start":{"line":20,"column":2},"end":{"line":28,"column":4}},"line":20},"5":{"name":"(anonymous_5)","decl":{"start":{"line":21,"column":8},"end":{"line":21,"column":9}},"loc":{"start":{"line":21,"column":22},"end":{"line":28,"column":3}},"line":21}},"branchMap":{"0":{"loc":{"start":{"line":23,"column":4},"end":{"line":27,"column":5}},"type":"if","locations":[{"start":{"line":23,"column":4},"end":{"line":27,"column":5}},{"start":{"line":23,"column":4},"end":{"line":27,"column":5}}],"line":23}},"s":{"0":4,"1":2,"2":4,"3":1,"4":4,"5":1,"6":4,"7":2,"8":2,"9":0,"10":0,"11":0,"12":0},"f":{"0":2,"1":1,"2":1,"3":2,"4":2,"5":0},"b":{"0":[0,0]},"_coverageSchema":"43e27e138ebf9cfc5966b082cf9a028302ed4184","hash":"e39353e6c8cbd69676ebcecde2e4bbfb5cc582ba"}
,"C:\\Users\\olimp\\Documents\\react-form-app\\client\\src\\common\\consts\\calendar.js": {"path":"C:\\Users\\olimp\\Documents\\react-form-app\\client\\src\\common\\consts\\calendar.js","statementMap":{"0":{"start":{"line":1,"column":28},"end":{"line":1,"column":39}},"1":{"start":{"line":2,"column":26},"end":{"line":2,"column":29}},"2":{"start":{"line":3,"column":33},"end":{"line":3,"column":36}},"3":{"start":{"line":5,"column":39},"end":{"line":5,"column":51}},"4":{"start":{"line":7,"column":25},"end":{"line":15,"column":1}}},"fnMap":{},"branchMap":{},"s":{"0":4,"1":4,"2":4,"3":4,"4":4},"f":{},"b":{},"_coverageSchema":"43e27e138ebf9cfc5966b082cf9a028302ed4184","hash":"32b647ba9e7a796a463c86db75f92be4ee714ab2"}
,"C:\\Users\\olimp\\Documents\\react-form-app\\client\\src\\common\\mockData\\mockData.js": {"path":"C:\\Users\\olimp\\Documents\\react-form-app\\client\\src\\common\\mockData\\mockData.js","statementMap":{"0":{"start":{"line":1,"column":20},"end":{"line":6,"column":1}}},"fnMap":{},"branchMap":{},"s":{"0":3},"f":{},"b":{},"_coverageSchema":"43e27e138ebf9cfc5966b082cf9a028302ed4184","hash":"0be5bae570ab75d96c59f5f19f449658398dc6fc"}
,"C:\\Users\\olimp\\Documents\\react-form-app\\client\\src\\common\\utils\\calendarRows.js": {"path":"C:\\Users\\olimp\\Documents\\react-form-app\\client\\src\\common\\utils\\calendarRows.js","statementMap":{"0":{"start":{"line":9,"column":31},"end":{"line":27,"column":1}},"1":{"start":{"line":10,"column":21},"end":{"line":10,"column":47}},"2":{"start":{"line":11,"column":19},"end":{"line":11,"column":41}},"3":{"start":{"line":12,"column":20},"end":{"line":12,"column":43}},"4":{"start":{"line":13,"column":18},"end":{"line":13,"column":37}},"5":{"start":{"line":15,"column":15},"end":{"line":15,"column":17}},"6":{"start":{"line":16,"column":13},"end":{"line":16,"column":15}},"7":{"start":{"line":17,"column":12},"end":{"line":17,"column":21}},"8":{"start":{"line":18,"column":2},"end":{"line":25,"column":3}},"9":{"start":{"line":19,"column":4},"end":{"line":22,"column":5}},"10":{"start":{"line":19,"column":17},"end":{"line":19,"column":18}},"11":{"start":{"line":20,"column":6},"end":{"line":20,"column":20}},"12":{"start":{"line":21,"column":6},"end":{"line":21,"column":28}},"13":{"start":{"line":23,"column":4},"end":{"line":23,"column":19}},"14":{"start":{"line":24,"column":4},"end":{"line":24,"column":14}},"15":{"start":{"line":26,"column":2},"end":{"line":26,"column":30}},"16":{"start":{"line":26,"column":25},"end":{"line":26,"column":28}}},"fnMap":{"0":{"name":"(anonymous_0)","decl":{"start":{"line":9,"column":31},"end":{"line":9,"column":32}},"loc":{"start":{"line":9,"column":59},"end":{"line":27,"column":1}},"line":9},"1":{"name":"(anonymous_1)","decl":{"start":{"line":26,"column":18},"end":{"line":26,"column":19}},"loc":{"start":{"line":26,"column":25},"end":{"line":26,"column":28}},"line":26}},"branchMap":{},"s":{"0":4,"1":7,"2":7,"3":7,"4":7,"5":7,"6":7,"7":7,"8":7,"9":35,"10":35,"11":245,"12":245,"13":35,"14":35,"15":7,"16":35},"f":{"0":7,"1":35},"b":{},"_coverageSchema":"43e27e138ebf9cfc5966b082cf9a028302ed4184","hash":"a11160bbc03fe49a49f15e0cd09b07aada5d8989"}
,"C:\\Users\\olimp\\Documents\\react-form-app\\client\\src\\common\\utils\\validation.js": {"path":"C:\\Users\\olimp\\Documents\\react-form-app\\client\\src\\common\\utils\\validation.js","statementMap":{"0":{"start":{"line":2,"column":14},"end":{"line":29,"column":2}},"1":{"start":{"line":2,"column":34},"end":{"line":29,"column":1}},"2":{"start":{"line":31,"column":32},"end":{"line":64,"column":1}},"3":{"start":{"line":32,"column":22},"end":{"line":32,"column":46}},"4":{"start":{"line":33,"column":21},"end":{"line":61,"column":10}},"5":{"start":{"line":34,"column":20},"end":{"line":34,"column":40}},"6":{"start":{"line":36,"column":31},"end":{"line":36,"column":41}},"7":{"start":{"line":37,"column":36},"end":{"line":37,"column":37}},"8":{"start":{"line":38,"column":6},"end":{"line":44,"column":8}},"9":{"start":{"line":47,"column":45},"end":{"line":47,"column":52}},"10":{"start":{"line":48,"column":57},"end":{"line":50,"column":7}},"11":{"start":{"line":51,"column":6},"end":{"line":58,"column":8}},"12":{"start":{"line":60,"column":6},"end":{"line":60,"column":17}},"13":{"start":{"line":63,"column":2},"end":{"line":63,"column":20}},"14":{"start":{"line":67,"column":35},"end":{"line":71,"column":1}},"15":{"start":{"line":68,"column":2},"end":{"line":70,"column":33}},"16":{"start":{"line":69,"column":14},"end":{"line":69,"column":27}},"17":{"start":{"line":70,"column":19},"end":{"line":70,"column":31}}},"fnMap":{"0":{"name":"(anonymous_0)","decl":{"start":{"line":2,"column":14},"end":{"line":2,"column":15}},"loc":{"start":{"line":2,"column":34},"end":{"line":29,"column":1}},"line":2},"1":{"name":"(anonymous_1)","decl":{"start":{"line":31,"column":32},"end":{"line":31,"column":33}},"loc":{"start":{"line":31,"column":56},"end":{"line":64,"column":1}},"line":31},"2":{"name":"(anonymous_2)","decl":{"start":{"line":34,"column":12},"end":{"line":34,"column":13}},"loc":{"start":{"line":34,"column":20},"end":{"line":34,"column":40}},"line":34},"3":{"name":"(anonymous_3)","decl":{"start":{"line":35,"column":9},"end":{"line":35,"column":10}},"loc":{"start":{"line":35,"column":14},"end":{"line":45,"column":5}},"line":35},"4":{"name":"(anonymous_4)","decl":{"start":{"line":46,"column":12},"end":{"line":46,"column":13}},"loc":{"start":{"line":46,"column":30},"end":{"line":61,"column":5}},"line":46},"5":{"name":"(anonymous_5)","decl":{"start":{"line":67,"column":35},"end":{"line":67,"column":36}},"loc":{"start":{"line":67,"column":49},"end":{"line":71,"column":1}},"line":67},"6":{"name":"(anonymous_6)","decl":{"start":{"line":69,"column":9},"end":{"line":69,"column":10}},"loc":{"start":{"line":69,"column":14},"end":{"line":69,"column":27}},"line":69},"7":{"name":"(anonymous_7)","decl":{"start":{"line":70,"column":10},"end":{"line":70,"column":11}},"loc":{"start":{"line":70,"column":19},"end":{"line":70,"column":31}},"line":70}},"branchMap":{},"s":{"0":3,"1":16,"2":3,"3":1,"4":1,"5":5,"6":4,"7":4,"8":4,"9":4,"10":4,"11":4,"12":4,"13":1,"14":3,"15":2,"16":8,"17":2},"f":{"0":16,"1":1,"2":5,"3":4,"4":4,"5":2,"6":8,"7":2},"b":{},"_coverageSchema":"43e27e138ebf9cfc5966b082cf9a028302ed4184","hash":"b000dc9336e53c029fb9880a5ebdb53071e06607"}
,"C:\\Users\\olimp\\Documents\\react-form-app\\client\\src\\components\\Button\\Button.js": {"path":"C:\\Users\\olimp\\Documents\\react-form-app\\client\\src\\components\\Button\\Button.js","statementMap":{"0":{"start":{"line":5,"column":15},"end":{"line":12,"column":1}},"1":{"start":{"line":6,"column":2},"end":{"line":11,"column":11}},"2":{"start":{"line":14,"column":0},"end":{"line":17,"column":2}}},"fnMap":{"0":{"name":"(anonymous_0)","decl":{"start":{"line":5,"column":15},"end":{"line":5,"column":16}},"loc":{"start":{"line":6,"column":2},"end":{"line":11,"column":11}},"line":6}},"branchMap":{},"s":{"0":3,"1":4,"2":3},"f":{"0":4},"b":{},"_coverageSchema":"43e27e138ebf9cfc5966b082cf9a028302ed4184","hash":"d5bf2ce7a777a437760df8f4988b8cbfb24484ca"}
,"C:\\Users\\olimp\\Documents\\react-form-app\\client\\src\\components\\Calendar\\Calendar.js": {"path":"C:\\Users\\olimp\\Documents\\react-form-app\\client\\src\\components\\Calendar\\Calendar.js","statementMap":{"0":{"start":{"line":19,"column":13},"end":{"line":19,"column":49}},"1":{"start":{"line":22,"column":10},"end":{"line":24,"column":3}},"2":{"start":{"line":26,"column":14},"end":{"line":30,"column":3}},"3":{"start":{"line":27,"column":4},"end":{"line":29,"column":7}},"4":{"start":{"line":32,"column":14},"end":{"line":36,"column":3}},"5":{"start":{"line":33,"column":4},"end":{"line":35,"column":7}},"6":{"start":{"line":39,"column":4},"end":{"line":55,"column":6}},"7":{"start":{"line":59,"column":17},"end":{"line":66,"column":5}},"8":{"start":{"line":60,"column":6},"end":{"line":65,"column":12}},"9":{"start":{"line":67,"column":4},"end":{"line":67,"column":52}},"10":{"start":{"line":70,"column":12},"end":{"line":87,"column":3}},"11":{"start":{"line":71,"column":29},"end":{"line":71,"column":39}},"12":{"start":{"line":72,"column":29},"end":{"line":72,"column":39}},"13":{"start":{"line":73,"column":23},"end":{"line":73,"column":49}},"14":{"start":{"line":74,"column":4},"end":{"line":86,"column":6}},"15":{"start":{"line":82,"column":23},"end":{"line":82,"column":50}},"16":{"start":{"line":90,"column":29},"end":{"line":90,"column":39}},"17":{"start":{"line":91,"column":4},"end":{"line":95,"column":6}},"18":{"start":{"line":92,"column":6},"end":{"line":94,"column":12}},"19":{"start":{"line":93,"column":25},"end":{"line":93,"column":42}},"20":{"start":{"line":99,"column":4},"end":{"line":105,"column":6}},"21":{"start":{"line":109,"column":0},"end":{"line":112,"column":2}},"22":{"start":{"line":114,"column":0},"end":{"line":116,"column":1}}},"fnMap":{"0":{"name":"(anonymous_0)","decl":{"start":{"line":26,"column":14},"end":{"line":26,"column":15}},"loc":{"start":{"line":26,"column":20},"end":{"line":30,"column":3}},"line":26},"1":{"name":"(anonymous_1)","decl":{"start":{"line":32,"column":14},"end":{"line":32,"column":15}},"loc":{"start":{"line":32,"column":20},"end":{"line":36,"column":3}},"line":32},"2":{"name":"(anonymous_2)","decl":{"start":{"line":38,"column":2},"end":{"line":38,"column":3}},"loc":{"start":{"line":38,"column":15},"end":{"line":56,"column":3}},"line":38},"3":{"name":"(anonymous_3)","decl":{"start":{"line":58,"column":2},"end":{"line":58,"column":3}},"loc":{"start":{"line":58,"column":13},"end":{"line":68,"column":3}},"line":58},"4":{"name":"(anonymous_4)","decl":{"start":{"line":59,"column":26},"end":{"line":59,"column":27}},"loc":{"start":{"line":60,"column":6},"end":{"line":65,"column":12}},"line":60},"5":{"name":"(anonymous_5)","decl":{"start":{"line":70,"column":12},"end":{"line":70,"column":13}},"loc":{"start":{"line":70,"column":21},"end":{"line":87,"column":3}},"line":70},"6":{"name":"(anonymous_6)","decl":{"start":{"line":82,"column":17},"end":{"line":82,"column":18}},"loc":{"start":{"line":82,"column":23},"end":{"line":82,"column":50}},"line":82},"7":{"name":"(anonymous_7)","decl":{"start":{"line":89,"column":2},"end":{"line":89,"column":3}},"loc":{"start":{"line":89,"column":14},"end":{"line":96,"column":3}},"line":89},"8":{"name":"(anonymous_8)","decl":{"start":{"line":91,"column":51},"end":{"line":91,"column":52}},"loc":{"start":{"line":92,"column":6},"end":{"line":94,"column":12}},"line":92},"9":{"name":"(anonymous_9)","decl":{"start":{"line":93,"column":18},"end":{"line":93,"column":19}},"loc":{"start":{"line":93,"column":25},"end":{"line":93,"column":42}},"line":93},"10":{"name":"(anonymous_10)","decl":{"start":{"line":98,"column":2},"end":{"line":98,"column":3}},"loc":{"start":{"line":98,"column":11},"end":{"line":106,"column":3}},"line":98}},"branchMap":{"0":{"loc":{"start":{"line":77,"column":10},"end":{"line":79,"column":65}},"type":"cond-expr","locations":[{"start":{"line":78,"column":14},"end":{"line":78,"column":29}},{"start":{"line":79,"column":14},"end":{"line":79,"column":65}}],"line":77},"1":{"loc":{"start":{"line":79,"column":14},"end":{"line":79,"column":65}},"type":"cond-expr","locations":[{"start":{"line":79,"column":45},"end":{"line":79,"column":60}},{"start":{"line":79,"column":63},"end":{"line":79,"column":65}}],"line":79}},"s":{"0":4,"1":5,"2":5,"3":1,"4":5,"5":1,"6":7,"7":7,"8":49,"9":7,"10":5,"11":246,"12":246,"13":246,"14":246,"15":0,"16":7,"17":7,"18":35,"19":245,"20":7,"21":4,"22":4},"f":{"0":1,"1":1,"2":7,"3":7,"4":49,"5":246,"6":0,"7":7,"8":35,"9":245,"10":7},"b":{"0":[33,213],"1":[6,207]},"_coverageSchema":"43e27e138ebf9cfc5966b082cf9a028302ed4184","hash":"530be042767bebc9dd36be6fa1e7ebd6765a07bc"}
,"C:\\Users\\olimp\\Documents\\react-form-app\\client\\src\\components\\DatePicker\\DatePicker.js": {"path":"C:\\Users\\olimp\\Documents\\react-form-app\\client\\src\\components\\DatePicker\\DatePicker.js","statementMap":{"0":{"start":{"line":13,"column":4},"end":{"line":13,"column":17}},"1":{"start":{"line":14,"column":6},"end":{"line":16,"column":6}},"2":{"start":{"line":17,"column":4},"end":{"line":17,"column":57}},"3":{"start":{"line":20,"column":19},"end":{"line":24,"column":3}},"4":{"start":{"line":21,"column":4},"end":{"line":23,"column":7}},"5":{"start":{"line":26,"column":17},"end":{"line":28,"column":3}},"6":{"start":{"line":27,"column":4},"end":{"line":27,"column":23}},"7":{"start":{"line":30,"column":12},"end":{"line":33,"column":3}},"8":{"start":{"line":31,"column":4},"end":{"line":31,"column":22}},"9":{"start":{"line":32,"column":4},"end":{"line":32,"column":31}},"10":{"start":{"line":36,"column":33},"end":{"line":36,"column":43}},"11":{"start":{"line":37,"column":22},"end":{"line":37,"column":32}},"12":{"start":{"line":38,"column":4},"end":{"line":56,"column":6}},"13":{"start":{"line":60,"column":0},"end":{"line":66,"column":2}}},"fnMap":{"0":{"name":"(anonymous_0)","decl":{"start":{"line":12,"column":2},"end":{"line":12,"column":3}},"loc":{"start":{"line":12,"column":21},"end":{"line":18,"column":3}},"line":12},"1":{"name":"(anonymous_1)","decl":{"start":{"line":20,"column":19},"end":{"line":20,"column":20}},"loc":{"start":{"line":20,"column":25},"end":{"line":24,"column":3}},"line":20},"2":{"name":"(anonymous_2)","decl":{"start":{"line":26,"column":17},"end":{"line":26,"column":18}},"loc":{"start":{"line":26,"column":24},"end":{"line":28,"column":3}},"line":26},"3":{"name":"(anonymous_3)","decl":{"start":{"line":30,"column":12},"end":{"line":30,"column":13}},"loc":{"start":{"line":30,"column":21},"end":{"line":33,"column":3}},"line":30},"4":{"name":"(anonymous_4)","decl":{"start":{"line":35,"column":2},"end":{"line":35,"column":3}},"loc":{"start":{"line":35,"column":11},"end":{"line":57,"column":3}},"line":35}},"branchMap":{"0":{"loc":{"start":{"line":48,"column":9},"end":{"line":53,"column":9}},"type":"binary-expr","locations":[{"start":{"line":48,"column":9},"end":{"line":48,"column":25}},{"start":{"line":49,"column":10},"end":{"line":52,"column":12}}],"line":48}},"s":{"0":8,"1":8,"2":8,"3":8,"4":1,"5":8,"6":1,"7":8,"8":1,"9":1,"10":11,"11":11,"12":11,"13":3},"f":{"0":8,"1":1,"2":1,"3":1,"4":11},"b":{"0":[11,2]},"_coverageSchema":"43e27e138ebf9cfc5966b082cf9a028302ed4184","hash":"9dbd5ecc72f9a7a74eb6b4b9148313ba8b069829"}
,"C:\\Users\\olimp\\Documents\\react-form-app\\client\\src\\components\\TextInput\\TextInput.js": {"path":"C:\\Users\\olimp\\Documents\\react-form-app\\client\\src\\components\\TextInput\\TextInput.js","statementMap":{"0":{"start":{"line":5,"column":18},"end":{"line":27,"column":1}},"1":{"start":{"line":15,"column":2},"end":{"line":26,"column":8}},"2":{"start":{"line":29,"column":0},"end":{"line":41,"column":2}}},"fnMap":{"0":{"name":"(anonymous_0)","decl":{"start":{"line":5,"column":18},"end":{"line":5,"column":19}},"loc":{"start":{"line":15,"column":2},"end":{"line":26,"column":8}},"line":15}},"branchMap":{},"s":{"0":4,"1":11,"2":4},"f":{"0":11},"b":{},"_coverageSchema":"43e27e138ebf9cfc5966b082cf9a028302ed4184","hash":"54531d3db80bca22eaced3a4878ebfd698bf70e0"}
,"C:\\Users\\olimp\\Documents\\react-form-app\\client\\src\\components\\ValidationMessage\\ValidationMessage.js": {"path":"C:\\Users\\olimp\\Documents\\react-form-app\\client\\src\\components\\ValidationMessage\\ValidationMessage.js","statementMap":{"0":{"start":{"line":5,"column":26},"end":{"line":11,"column":1}},"1":{"start":{"line":6,"column":2},"end":{"line":10,"column":8}},"2":{"start":{"line":13,"column":0},"end":{"line":16,"column":2}}},"fnMap":{"0":{"name":"(anonymous_0)","decl":{"start":{"line":5,"column":26},"end":{"line":5,"column":27}},"loc":{"start":{"line":6,"column":2},"end":{"line":10,"column":8}},"line":6}},"branchMap":{"0":{"loc":{"start":{"line":7,"column":6},"end":{"line":7,"column":44}},"type":"cond-expr","locations":[{"start":{"line":7,"column":15},"end":{"line":7,"column":29}},{"start":{"line":7,"column":32},"end":{"line":7,"column":44}}],"line":7}},"s":{"0":3,"1":1,"2":3},"f":{"0":1},"b":{"0":[1,0]},"_coverageSchema":"43e27e138ebf9cfc5966b082cf9a028302ed4184","hash":"7f1ea25fffe1dda68442872827a34e1e95b111f6"}
,"C:\\Users\\olimp\\Documents\\react-form-app\\client\\src\\containers\\Form.js": {"path":"C:\\Users\\olimp\\Documents\\react-form-app\\client\\src\\containers\\Form.js","statementMap":{"0":{"start":{"line":19,"column":22},"end":{"line":23,"column":1}},"1":{"start":{"line":27,"column":10},"end":{"line":30,"column":3}},"2":{"start":{"line":32,"column":17},"end":{"line":37,"column":3}},"3":{"start":{"line":33,"column":28},"end":{"line":33,"column":36}},"4":{"start":{"line":34,"column":19},"end":{"line":34,"column":48}},"5":{"start":{"line":35,"column":4},"end":{"line":35,"column":33}},"6":{"start":{"line":36,"column":4},"end":{"line":36,"column":28}},"7":{"start":{"line":39,"column":17},"end":{"line":67,"column":3}},"8":{"start":{"line":40,"column":4},"end":{"line":40,"column":23}},"9":{"start":{"line":41,"column":17},"end":{"line":41,"column":25}},"10":{"start":{"line":42,"column":23},"end":{"line":42,"column":66}},"11":{"start":{"line":43,"column":27},"end":{"line":43,"column":58}},"12":{"start":{"line":45,"column":4},"end":{"line":48,"column":7}},"13":{"start":{"line":54,"column":8},"end":{"line":54,"column":18}},"14":{"start":{"line":56,"column":26},"end":{"line":61,"column":5}},"15":{"start":{"line":64,"column":4},"end":{"line":66,"column":5}},"16":{"start":{"line":65,"column":6},"end":{"line":65,"column":54}},"17":{"start":{"line":69,"column":16},"end":{"line":77,"column":3}},"18":{"start":{"line":70,"column":4},"end":{"line":76,"column":7}},"19":{"start":{"line":70,"column":32},"end":{"line":76,"column":5}},"20":{"start":{"line":86,"column":8},"end":{"line":86,"column":18}},"21":{"start":{"line":88,"column":20},"end":{"line":88,"column":62}},"22":{"start":{"line":89,"column":23},"end":{"line":89,"column":56}},"23":{"start":{"line":91,"column":4},"end":{"line":136,"column":5}},"24":{"start":{"line":92,"column":6},"end":{"line":97,"column":8}},"25":{"start":{"line":99,"column":6},"end":{"line":135,"column":7}},"26":{"start":{"line":140,"column":31},"end":{"line":146,"column":1}},"27":{"start":{"line":141,"column":32},"end":{"line":141,"column":37}},"28":{"start":{"line":142,"column":2},"end":{"line":145,"column":3}},"29":{"start":{"line":148,"column":34},"end":{"line":152,"column":1}},"30":{"start":{"line":149,"column":2},"end":{"line":151,"column":3}},"31":{"start":{"line":154,"column":0},"end":{"line":159,"column":2}}},"fnMap":{"0":{"name":"(anonymous_0)","decl":{"start":{"line":32,"column":17},"end":{"line":32,"column":18}},"loc":{"start":{"line":32,"column":24},"end":{"line":37,"column":3}},"line":32},"1":{"name":"(anonymous_1)","decl":{"start":{"line":39,"column":17},"end":{"line":39,"column":18}},"loc":{"start":{"line":39,"column":24},"end":{"line":67,"column":3}},"line":39},"2":{"name":"(anonymous_2)","decl":{"start":{"line":69,"column":16},"end":{"line":69,"column":17}},"loc":{"start":{"line":69,"column":23},"end":{"line":77,"column":3}},"line":69},"3":{"name":"(anonymous_3)","decl":{"start":{"line":70,"column":18},"end":{"line":70,"column":19}},"loc":{"start":{"line":70,"column":32},"end":{"line":76,"column":5}},"line":70},"4":{"name":"(anonymous_4)","decl":{"start":{"line":79,"column":2},"end":{"line":79,"column":3}},"loc":{"start":{"line":79,"column":11},"end":{"line":137,"column":3}},"line":79},"5":{"name":"(anonymous_5)","decl":{"start":{"line":140,"column":31},"end":{"line":140,"column":32}},"loc":{"start":{"line":140,"column":52},"end":{"line":146,"column":1}},"line":140},"6":{"name":"(anonymous_6)","decl":{"start":{"line":148,"column":34},"end":{"line":148,"column":35}},"loc":{"start":{"line":148,"column":48},"end":{"line":152,"column":1}},"line":148}},"branchMap":{"0":{"loc":{"start":{"line":64,"column":4},"end":{"line":66,"column":5}},"type":"if","locations":[{"start":{"line":64,"column":4},"end":{"line":66,"column":5}},{"start":{"line":64,"column":4},"end":{"line":66,"column":5}}],"line":64},"1":{"loc":{"start":{"line":88,"column":20},"end":{"line":88,"column":62}},"type":"binary-expr","locations":[{"start":{"line":88,"column":20},"end":{"line":88,"column":38}},{"start":{"line":88,"column":42},"end":{"line":88,"column":62}}],"line":88},"2":{"loc":{"start":{"line":89,"column":23},"end":{"line":89,"column":56}},"type":"binary-expr","locations":[{"start":{"line":89,"column":23},"end":{"line":89,"column":35}},{"start":{"line":89,"column":39},"end":{"line":89,"column":56}}],"line":89},"3":{"loc":{"start":{"line":91,"column":4},"end":{"line":136,"column":5}},"type":"if","locations":[{"start":{"line":91,"column":4},"end":{"line":136,"column":5}},{"start":{"line":91,"column":4},"end":{"line":136,"column":5}}],"line":91},"4":{"loc":{"start":{"line":110,"column":19},"end":{"line":110,"column":60}},"type":"binary-expr","locations":[{"start":{"line":110,"column":19},"end":{"line":110,"column":35}},{"start":{"line":110,"column":39},"end":{"line":110,"column":60}}],"line":110},"5":{"loc":{"start":{"line":117,"column":19},"end":{"line":117,"column":58}},"type":"binary-expr","locations":[{"start":{"line":117,"column":19},"end":{"line":117,"column":34}},{"start":{"line":117,"column":38},"end":{"line":117,"column":58}}],"line":117},"6":{"loc":{"start":{"line":124,"column":19},"end":{"line":124,"column":40}},"type":"binary-expr","locations":[{"start":{"line":124,"column":19},"end":{"line":124,"column":26}},{"start":{"line":124,"column":30},"end":{"line":124,"column":40}}],"line":124},"7":{"loc":{"start":{"line":129,"column":19},"end":{"line":129,"column":80}},"type":"binary-expr","locations":[{"start":{"line":129,"column":19},"end":{"line":129,"column":34}},{"start":{"line":129,"column":38},"end":{"line":129,"column":80}}],"line":129},"8":{"loc":{"start":{"line":130,"column":19},"end":{"line":130,"column":60}},"type":"binary-expr","locations":[{"start":{"line":130,"column":19},"end":{"line":130,"column":35}},{"start":{"line":130,"column":39},"end":{"line":130,"column":60}}],"line":130},"9":{"loc":{"start":{"line":143,"column":13},"end":{"line":143,"column":38}},"type":"binary-expr","locations":[{"start":{"line":143,"column":13},"end":{"line":143,"column":17}},{"start":{"line":143,"column":21},"end":{"line":143,"column":38}}],"line":143},"10":{"loc":{"start":{"line":144,"column":12},"end":{"line":144,"column":37}},"type":"binary-expr","locations":[{"start":{"line":144,"column":12},"end":{"line":144,"column":16}},{"start":{"line":144,"column":20},"end":{"line":144,"column":37}}],"line":144}},"s":{"0":2,"1":16,"2":16,"3":1,"4":1,"5":1,"6":1,"7":16,"8":1,"9":1,"10":1,"11":1,"12":1,"13":1,"14":1,"15":1,"16":0,"17":16,"18":0,"19":0,"20":20,"21":20,"22":20,"23":20,"24":2,"25":18,"26":2,"27":1,"28":1,"29":2,"30":1,"31":2},"f":{"0":1,"1":1,"2":0,"3":0,"4":20,"5":1,"6":1},"b":{"0":[0,1],"1":[20,0],"2":[20,1],"3":[2,18],"4":[18,1],"5":[18,1],"6":[18,18],"7":[18,0],"8":[18,1],"9":[1,1],"10":[1,1]},"_coverageSchema":"43e27e138ebf9cfc5966b082cf9a028302ed4184","hash":"b67d076c2d70b7c609b8fdec3ff0ec3375487bf0"}
,"C:\\Users\\olimp\\Documents\\react-form-app\\client\\src\\reducers\\formReducer.js": {"path":"C:\\Users\\olimp\\Documents\\react-form-app\\client\\src\\reducers\\formReducer.js","statementMap":{"0":{"start":{"line":3,"column":27},"end":{"line":28,"column":1}},"1":{"start":{"line":4,"column":2},"end":{"line":27,"column":3}},"2":{"start":{"line":6,"column":23},"end":{"line":6,"column":29}},"3":{"start":{"line":7,"column":6},"end":{"line":10,"column":8}},"4":{"start":{"line":13,"column":41},"end":{"line":13,"column":47}},"5":{"start":{"line":14,"column":5},"end":{"line":17,"column":7}},"6":{"start":{"line":20,"column":42},"end":{"line":20,"column":48}},"7":{"start":{"line":21,"column":5},"end":{"line":24,"column":7}},"8":{"start":{"line":26,"column":6},"end":{"line":26,"column":19}}},"fnMap":{"0":{"name":"(anonymous_0)","decl":{"start":{"line":3,"column":27},"end":{"line":3,"column":28}},"loc":{"start":{"line":3,"column":53},"end":{"line":28,"column":1}},"line":3}},"branchMap":{"0":{"loc":{"start":{"line":3,"column":28},"end":{"line":3,"column":40}},"type":"default-arg","locations":[{"start":{"line":3,"column":36},"end":{"line":3,"column":40}}],"line":3},"1":{"loc":{"start":{"line":4,"column":2},"end":{"line":27,"column":3}},"type":"switch","locations":[{"start":{"line":5,"column":4},"end":{"line":10,"column":8}},{"start":{"line":12,"column":4},"end":{"line":17,"column":7}},{"start":{"line":19,"column":5},"end":{"line":24,"column":7}},{"start":{"line":25,"column":4},"end":{"line":26,"column":19}}],"line":4}},"s":{"0":2,"1":8,"2":2,"3":2,"4":1,"5":1,"6":1,"7":1,"8":4},"f":{"0":8},"b":{"0":[4],"1":[2,1,1,4]},"_coverageSchema":"43e27e138ebf9cfc5966b082cf9a028302ed4184","hash":"2762228e9f055a9b17a4e30f206e48a1f1f272dd"}
,"C:\\Users\\olimp\\Documents\\react-form-app\\client\\src\\reducers\\index.js": {"path":"C:\\Users\\olimp\\Documents\\react-form-app\\client\\src\\reducers\\index.js","statementMap":{"0":{"start":{"line":4,"column":20},"end":{"line":6,"column":2}}},"fnMap":{},"branchMap":{},"s":{"0":1},"f":{},"b":{},"_coverageSchema":"43e27e138ebf9cfc5966b082cf9a028302ed4184","hash":"9dabe143144cd282de518d71114834156d866ce9"}
,"C:\\Users\\olimp\\Documents\\react-form-app\\client\\src\\services\\formService.js": {"path":"C:\\Users\\olimp\\Documents\\react-form-app\\client\\src\\services\\formService.js","statementMap":{"0":{"start":{"line":3,"column":12},"end":{"line":5,"column":2}},"1":{"start":{"line":7,"column":28},"end":{"line":7,"column":65}},"2":{"start":{"line":7,"column":39},"end":{"line":7,"column":65}}},"fnMap":{"0":{"name":"(anonymous_0)","decl":{"start":{"line":7,"column":28},"end":{"line":7,"column":29}},"loc":{"start":{"line":7,"column":39},"end":{"line":7,"column":65}},"line":7}},"branchMap":{},"s":{"0":4,"1":4,"2":2},"f":{"0":2},"b":{},"_coverageSchema":"43e27e138ebf9cfc5966b082cf9a028302ed4184","hash":"2421284a26ac885e357c11f704d50fd46f27b7c3"}
,"C:\\Users\\olimp\\Documents\\react-form-app\\client\\src\\store\\index.js": {"path":"C:\\Users\\olimp\\Documents\\react-form-app\\client\\src\\store\\index.js","statementMap":{"0":{"start":{"line":7,"column":2},"end":{"line":12,"column":4}}},"fnMap":{"0":{"name":"configureStore","decl":{"start":{"line":6,"column":24},"end":{"line":6,"column":38}},"loc":{"start":{"line":6,"column":53},"end":{"line":13,"column":1}},"line":6}},"branchMap":{},"s":{"0":0},"f":{"0":0},"b":{},"hash":"cee05e90fa34b96b529c0784aa40ea61474efb58"}
}
