TN:
SF:/Users/olimpia/Documents/Front_end_projects/react-form-app/client/src/App.js
FN:5,App
FNF:1
FNH:1
FNDA:1,App
DA:6,1
LF:1
LH:1
BRF:0
BRH:0
end_of_record
TN:
SF:/Users/olimpia/Documents/Front_end_projects/react-form-app/client/src/index.js
FNF:0
FNH:0
DA:9,0
DA:11,0
DA:21,0
LF:3
LH:0
BRF:0
BRH:0
end_of_record
TN:
SF:/Users/olimpia/Documents/Front_end_projects/react-form-app/client/src/serviceWorker.js
FN:23,register
FN:34,(anonymous_1)
FN:43,(anonymous_2)
FN:57,registerValidSW
FN:60,(anonymous_4)
FN:61,(anonymous_5)
FN:66,(anonymous_6)
FN:96,(anonymous_7)
FN:101,checkValidServiceWorker
FN:104,(anonymous_9)
FN:112,(anonymous_10)
FN:113,(anonymous_11)
FN:122,(anonymous_12)
FN:129,unregister
FN:131,(anonymous_14)
FNF:15
FNH:0
FNDA:0,register
FNDA:0,(anonymous_1)
FNDA:0,(anonymous_2)
FNDA:0,registerValidSW
FNDA:0,(anonymous_4)
FNDA:0,(anonymous_5)
FNDA:0,(anonymous_6)
FNDA:0,(anonymous_7)
FNDA:0,checkValidServiceWorker
FNDA:0,(anonymous_9)
FNDA:0,(anonymous_10)
FNDA:0,(anonymous_11)
FNDA:0,(anonymous_12)
FNDA:0,unregister
FNDA:0,(anonymous_14)
DA:13,0
DA:24,0
DA:26,0
DA:27,0
DA:31,0
DA:34,0
DA:35,0
DA:37,0
DA:39,0
DA:43,0
DA:44,0
DA:51,0
DA:58,0
DA:61,0
DA:62,0
DA:63,0
DA:64,0
DA:66,0
DA:67,0
DA:68,0
DA:72,0
DA:78,0
DA:79,0
DA:85,0
DA:88,0
DA:89,0
DA:97,0
DA:103,0
DA:106,0
DA:107,0
DA:112,0
DA:113,0
DA:114,0
DA:119,0
DA:123,0
DA:130,0
DA:131,0
DA:132,0
LF:38
LH:0
BRDA:14,0,0,0
BRDA:14,0,1,0
BRDA:14,0,2,0
BRDA:24,1,0,0
BRDA:24,1,1,0
BRDA:24,2,0,0
BRDA:24,2,1,0
BRDA:27,3,0,0
BRDA:27,3,1,0
BRDA:37,4,0,0
BRDA:37,4,1,0
BRDA:63,5,0,0
BRDA:63,5,1,0
BRDA:67,6,0,0
BRDA:67,6,1,0
BRDA:68,7,0,0
BRDA:68,7,1,0
BRDA:78,8,0,0
BRDA:78,8,1,0
BRDA:78,9,0,0
BRDA:78,9,1,0
BRDA:88,10,0,0
BRDA:88,10,1,0
BRDA:88,11,0,0
BRDA:88,11,1,0
BRDA:107,12,0,0
BRDA:107,12,1,0
BRDA:108,13,0,0
BRDA:108,13,1,0
BRDA:108,13,2,0
BRDA:130,14,0,0
BRDA:130,14,1,0
BRF:32
BRH:0
end_of_record
TN:
SF:/Users/olimpia/Documents/Front_end_projects/react-form-app/client/src/actions/actionTypes.js
FNF:0
FNH:0
DA:1,5
DA:2,5
DA:4,5
DA:5,5
LF:4
LH:4
BRF:0
BRH:0
end_of_record
TN:
SF:/Users/olimpia/Documents/Front_end_projects/react-form-app/client/src/actions/formAction.js
FN:4,(anonymous_0)
FN:9,(anonymous_1)
FN:14,(anonymous_2)
FN:19,(anonymous_3)
FN:19,(anonymous_4)
FN:21,(anonymous_5)
FNF:6
FNH:5
FNDA:2,(anonymous_0)
FNDA:1,(anonymous_1)
FNDA:1,(anonymous_2)
FNDA:2,(anonymous_3)
FNDA:2,(anonymous_4)
FNDA:0,(anonymous_5)
DA:4,4
DA:9,4
DA:14,4
DA:19,4
DA:20,2
DA:22,0
DA:23,0
DA:24,0
DA:26,0
LF:9
LH:5
BRDA:23,0,0,0
BRDA:23,0,1,0
BRF:2
BRH:0
end_of_record
TN:
SF:/Users/olimpia/Documents/Front_end_projects/react-form-app/client/src/common/consts/calendar.js
FNF:0
FNH:0
DA:1,4
DA:2,4
DA:3,4
DA:5,4
DA:7,4
LF:5
LH:5
BRF:0
BRH:0
end_of_record
TN:
SF:/Users/olimpia/Documents/Front_end_projects/react-form-app/client/src/common/mockData/mockData.js
FNF:0
FNH:0
DA:1,4
LF:1
LH:1
BRF:0
BRH:0
end_of_record
TN:
SF:/Users/olimpia/Documents/Front_end_projects/react-form-app/client/src/common/utils/calendarRows.js
FN:9,(anonymous_0)
FN:26,(anonymous_1)
FNF:2
FNH:2
FNDA:2,(anonymous_0)
FNDA:10,(anonymous_1)
DA:9,4
DA:10,2
DA:11,2
DA:12,2
DA:13,2
DA:15,2
DA:16,2
DA:17,2
DA:18,2
DA:19,10
DA:20,70
DA:21,70
DA:23,10
DA:24,10
DA:26,10
LF:15
LH:15
BRF:0
BRH:0
end_of_record
TN:
SF:/Users/olimpia/Documents/Front_end_projects/react-form-app/client/src/common/utils/validation.js
FN:2,(anonymous_0)
FN:31,(anonymous_1)
FN:34,(anonymous_2)
FN:35,(anonymous_3)
FN:46,(anonymous_4)
FN:67,(anonymous_5)
FN:69,(anonymous_6)
FN:70,(anonymous_7)
FNF:8
FNH:8
FNDA:15,(anonymous_0)
FNDA:1,(anonymous_1)
FNDA:5,(anonymous_2)
FNDA:4,(anonymous_3)
FNDA:4,(anonymous_4)
FNDA:2,(anonymous_5)
FNDA:8,(anonymous_6)
FNDA:2,(anonymous_7)
DA:2,15
DA:31,3
DA:32,1
DA:33,1
DA:34,5
DA:36,4
DA:37,4
DA:38,4
DA:47,4
DA:48,4
DA:51,4
DA:60,4
DA:63,1
DA:67,3
DA:68,2
DA:69,8
DA:70,2
LF:17
LH:17
BRF:0
BRH:0
end_of_record
TN:
SF:/Users/olimpia/Documents/Front_end_projects/react-form-app/client/src/components/Button/Button.js
FN:5,(anonymous_0)
FNF:1
FNH:1
FNDA:4,(anonymous_0)
DA:5,3
DA:6,4
DA:14,3
LF:3
LH:3
BRF:0
BRH:0
end_of_record
TN:
SF:/Users/olimpia/Documents/Front_end_projects/react-form-app/client/src/components/Calendar/Calendar.js
FN:26,(anonymous_0)
FN:32,(anonymous_1)
FN:38,(anonymous_2)
FN:58,(anonymous_3)
FN:59,(anonymous_4)
FN:70,(anonymous_5)
FN:82,(anonymous_6)
FN:89,(anonymous_7)
FN:91,(anonymous_8)
FN:93,(anonymous_9)
FN:98,(anonymous_10)
FNF:11
FNH:8
FNDA:0,(anonymous_0)
FNDA:0,(anonymous_1)
FNDA:2,(anonymous_2)
FNDA:2,(anonymous_3)
FNDA:14,(anonymous_4)
FNDA:70,(anonymous_5)
FNDA:0,(anonymous_6)
FNDA:2,(anonymous_7)
FNDA:10,(anonymous_8)
FNDA:70,(anonymous_9)
FNDA:2,(anonymous_10)
DA:19,4
DA:22,2
DA:26,2
DA:27,0
DA:32,2
DA:33,0
DA:39,2
DA:59,2
DA:60,14
DA:67,2
DA:70,2
DA:71,70
DA:72,70
DA:73,70
DA:74,70
DA:82,0
DA:90,2
DA:91,2
DA:92,10
DA:93,70
DA:99,2
DA:109,4
DA:114,4
LF:23
LH:20
BRDA:77,0,0,10
BRDA:77,0,1,60
BRDA:79,1,0,2
BRDA:79,1,1,58
BRF:4
BRH:4
end_of_record
TN:
SF:/Users/olimpia/Documents/Front_end_projects/react-form-app/client/src/components/DatePicker/DatePicker.js
FN:12,(anonymous_0)
FN:20,(anonymous_1)
FN:26,(anonymous_2)
FN:30,(anonymous_3)
FN:35,(anonymous_4)
FNF:5
FNH:3
FNDA:5,(anonymous_0)
FNDA:1,(anonymous_1)
FNDA:0,(anonymous_2)
FNDA:0,(anonymous_3)
FNDA:8,(anonymous_4)
DA:13,5
DA:14,5
DA:17,5
DA:20,5
DA:21,1
DA:26,5
DA:27,0
DA:30,5
DA:31,0
DA:32,0
DA:36,8
DA:37,8
DA:38,8
DA:60,3
LF:14
LH:11
BRDA:48,0,0,8
BRDA:48,0,1,2
BRF:2
BRH:2
end_of_record
TN:
SF:/Users/olimpia/Documents/Front_end_projects/react-form-app/client/src/components/TextInput/TextInput.js
FN:5,(anonymous_0)
FNF:1
FNH:1
FNDA:14,(anonymous_0)
DA:5,4
DA:15,14
DA:29,4
LF:3
LH:3
BRF:0
BRH:0
end_of_record
TN:
SF:/Users/olimpia/Documents/Front_end_projects/react-form-app/client/src/components/ValidationMessage/ValidationMessage.js
FN:5,(anonymous_0)
FNF:1
FNH:1
FNDA:1,(anonymous_0)
DA:5,3
DA:6,1
DA:13,3
LF:3
LH:3
BRDA:7,0,0,1
BRDA:7,0,1,0
BRF:2
BRH:1
end_of_record
TN:
SF:/Users/olimpia/Documents/Front_end_projects/react-form-app/client/src/containers/Form.js
FN:32,(anonymous_0)
FN:39,(anonymous_1)
FN:69,(anonymous_2)
FN:70,(anonymous_3)
FN:79,(anonymous_4)
FN:140,(anonymous_5)
FN:148,(anonymous_6)
FNF:7
FNH:4
FNDA:0,(anonymous_0)
FNDA:1,(anonymous_1)
FNDA:0,(anonymous_2)
FNDA:0,(anonymous_3)
FNDA:18,(anonymous_4)
FNDA:1,(anonymous_5)
FNDA:1,(anonymous_6)
DA:19,2
DA:27,15
DA:32,15
DA:33,0
DA:34,0
DA:35,0
DA:36,0
DA:39,15
DA:40,1
DA:41,1
DA:42,1
DA:43,1
DA:45,1
DA:54,1
DA:56,1
DA:64,1
DA:65,0
DA:69,15
DA:70,0
DA:86,18
DA:88,18
DA:89,18
DA:91,18
DA:92,2
DA:99,16
DA:140,2
DA:141,1
DA:142,1
DA:148,2
DA:149,1
DA:154,2
LF:31
LH:25
BRDA:64,0,0,0
BRDA:64,0,1,1
BRDA:88,1,0,18
BRDA:88,1,1,0
BRDA:89,2,0,18
BRDA:89,2,1,1
BRDA:91,3,0,2
BRDA:91,3,1,16
BRDA:110,4,0,16
BRDA:110,4,1,1
BRDA:117,5,0,16
BRDA:117,5,1,1
BRDA:124,6,0,16
BRDA:124,6,1,16
BRDA:129,7,0,16
BRDA:129,7,1,0
BRDA:130,8,0,16
BRDA:130,8,1,1
BRDA:143,9,0,1
BRDA:143,9,1,1
BRDA:144,10,0,1
BRDA:144,10,1,1
BRF:22
BRH:19
end_of_record
TN:
SF:/Users/olimpia/Documents/Front_end_projects/react-form-app/client/src/reducers/formReducer.js
FN:3,(anonymous_0)
FNF:1
FNH:1
FNDA:8,(anonymous_0)
DA:3,2
DA:4,8
DA:6,2
DA:7,2
DA:13,1
DA:14,1
DA:20,1
DA:21,1
DA:26,4
LF:9
LH:9
BRDA:3,0,0,4
BRDA:4,1,0,2
BRDA:4,1,1,1
BRDA:4,1,2,1
BRDA:4,1,3,4
BRF:5
BRH:5
end_of_record
TN:
SF:/Users/olimpia/Documents/Front_end_projects/react-form-app/client/src/reducers/index.js
FNF:0
FNH:0
DA:4,1
LF:1
LH:1
BRF:0
BRH:0
end_of_record
TN:
SF:/Users/olimpia/Documents/Front_end_projects/react-form-app/client/src/services/formService.js
FN:7,(anonymous_0)
FNF:1
FNH:1
FNDA:2,(anonymous_0)
DA:3,4
DA:7,4
LF:2
LH:2
BRF:0
BRH:0
end_of_record
TN:
SF:/Users/olimpia/Documents/Front_end_projects/react-form-app/client/src/store/index.js
FN:6,configureStore
FNF:1
FNH:0
FNDA:0,configureStore
DA:7,0
LF:1
LH:0
BRF:0
BRH:0
end_of_record
